2019-03-25 13:58:20 DEBUG cache:45 - Couldn't find template in cache for "Extent.ftl"("en_IN", UTF-8, parsed); will try to load it.
2019-03-25 13:58:20 DEBUG cache:45 - TemplateLoader.findTemplateSource("Extent_en_IN.ftl"): Not found
2019-03-25 13:58:20 DEBUG cache:45 - TemplateLoader.findTemplateSource("Extent_en.ftl"): Not found
2019-03-25 13:58:20 DEBUG cache:45 - TemplateLoader.findTemplateSource("Extent.ftl"): Found
2019-03-25 13:58:20 DEBUG cache:45 - Loading template for "Extent.ftl"("en_IN", UTF-8, parsed) from "jar:file:/C:/Users/kullu/.m2/repository/com/relevantcodes/extentreports/2.41.2/extentreports-2.41.2.jar!/com/relevantcodes/extentreports/view/Extent.ftl"
2019-03-25 13:58:21 DEBUG cache:45 - Couldn't find template in cache for "Extent.ftl"("en_IN", UTF-8, parsed); will try to load it.
2019-03-25 13:58:21 DEBUG cache:45 - TemplateLoader.findTemplateSource("Extent_en_IN.ftl"): Not found
2019-03-25 13:58:21 DEBUG cache:45 - TemplateLoader.findTemplateSource("Extent_en.ftl"): Not found
2019-03-25 13:58:21 DEBUG cache:45 - TemplateLoader.findTemplateSource("Extent.ftl"): Found
2019-03-25 13:58:21 DEBUG cache:45 - Loading template for "Extent.ftl"("en_IN", UTF-8, parsed) from "jar:file:/C:/Users/kullu/.m2/repository/com/relevantcodes/extentreports/2.41.2/extentreports-2.41.2.jar!/com/relevantcodes/extentreports/view/Extent.ftl"
2019-03-25 14:06:20 DEBUG cache:45 - Couldn't find template in cache for "Extent.ftl"("en_IN", UTF-8, parsed); will try to load it.
2019-03-25 14:06:20 DEBUG cache:45 - TemplateLoader.findTemplateSource("Extent_en_IN.ftl"): Not found
2019-03-25 14:06:20 DEBUG cache:45 - TemplateLoader.findTemplateSource("Extent_en.ftl"): Not found
2019-03-25 14:06:20 DEBUG cache:45 - TemplateLoader.findTemplateSource("Extent.ftl"): Found
2019-03-25 14:06:20 DEBUG cache:45 - Loading template for "Extent.ftl"("en_IN", UTF-8, parsed) from "jar:file:/C:/Users/kullu/.m2/repository/com/relevantcodes/extentreports/2.41.2/extentreports-2.41.2.jar!/com/relevantcodes/extentreports/view/Extent.ftl"
2019-03-25 14:06:21 DEBUG cache:45 - Couldn't find template in cache for "Extent.ftl"("en_IN", UTF-8, parsed); will try to load it.
2019-03-25 14:06:21 DEBUG cache:45 - TemplateLoader.findTemplateSource("Extent_en_IN.ftl"): Not found
2019-03-25 14:06:21 DEBUG cache:45 - TemplateLoader.findTemplateSource("Extent_en.ftl"): Not found
2019-03-25 14:06:21 DEBUG cache:45 - TemplateLoader.findTemplateSource("Extent.ftl"): Found
2019-03-25 14:06:21 DEBUG cache:45 - Loading template for "Extent.ftl"("en_IN", UTF-8, parsed) from "jar:file:/C:/Users/kullu/.m2/repository/com/relevantcodes/extentreports/2.41.2/extentreports-2.41.2.jar!/com/relevantcodes/extentreports/view/Extent.ftl"
